0 info it worked if it ends with ok
1 verbose cli [ 'C:\\Users\\User\\AppData\\Local\\.meteor\\packages\\meteor-tool\\1.4.1_1\\mt-os.windows.x86_32\\dev_bundle\\bin\\node.exe',
1 verbose cli   'C:\\Users\\User\\AppData\\Local\\.meteor\\packages\\meteor-tool\\1.4.1_1\\mt-os.windows.x86_32\\dev_bundle\\lib\\node_modules\\npm\\bin\\npm-cli.js',
1 verbose cli   'install',
1 verbose cli   '--save',
1 verbose cli   'bcrypt' ]
2 info using npm@3.10.6
3 info using node@v4.5.0
4 silly loadCurrentTree Starting
5 silly install loadCurrentTree
6 silly install readLocalPackageData
7 silly fetchPackageMetaData bcrypt
8 silly fetchNamedPackageData bcrypt
9 silly mapToRegistry name bcrypt
10 silly mapToRegistry using default registry
11 silly mapToRegistry registry https://registry.npmjs.org/
12 silly mapToRegistry data Result {
12 silly mapToRegistry   raw: 'bcrypt',
12 silly mapToRegistry   scope: null,
12 silly mapToRegistry   escapedName: 'bcrypt',
12 silly mapToRegistry   name: 'bcrypt',
12 silly mapToRegistry   rawSpec: '',
12 silly mapToRegistry   spec: 'latest',
12 silly mapToRegistry   type: 'tag' }
13 silly mapToRegistry uri https://registry.npmjs.org/bcrypt
14 verbose request uri https://registry.npmjs.org/bcrypt
15 verbose request no auth needed
16 info attempt registry request try #1 at 12:30:05
17 verbose request id 5a4bb84cdc17e4d1
18 verbose etag "CL39DFGMB8PKKXIZWCISLFLPU"
19 http request GET https://registry.npmjs.org/bcrypt
20 http 200 https://registry.npmjs.org/bcrypt
21 verbose headers { server: 'CouchDB/1.5.0 (Erlang OTP/R16B03)',
21 verbose headers   etag: '"2W7CTWO1ETKY4R5XARYMM9SFN"',
21 verbose headers   'content-type': 'application/json',
21 verbose headers   'content-encoding': 'gzip',
21 verbose headers   'cache-control': 'max-age=300',
21 verbose headers   'content-length': '11903',
21 verbose headers   'accept-ranges': 'bytes',
21 verbose headers   date: 'Sat, 08 Oct 2016 09:30:13 GMT',
21 verbose headers   via: '1.1 varnish',
21 verbose headers   age: '280',
21 verbose headers   connection: 'keep-alive',
21 verbose headers   'x-served-by': 'cache-ams4434-AMS',
21 verbose headers   'x-cache': 'HIT',
21 verbose headers   'x-cache-hits': '1',
21 verbose headers   'x-timer': 'S1475919013.021172,VS0,VE0',
21 verbose headers   vary: 'Accept-Encoding' }
22 silly get cb [ 200,
22 silly get   { server: 'CouchDB/1.5.0 (Erlang OTP/R16B03)',
22 silly get     etag: '"2W7CTWO1ETKY4R5XARYMM9SFN"',
22 silly get     'content-type': 'application/json',
22 silly get     'content-encoding': 'gzip',
22 silly get     'cache-control': 'max-age=300',
22 silly get     'content-length': '11903',
22 silly get     'accept-ranges': 'bytes',
22 silly get     date: 'Sat, 08 Oct 2016 09:30:13 GMT',
22 silly get     via: '1.1 varnish',
22 silly get     age: '280',
22 silly get     connection: 'keep-alive',
22 silly get     'x-served-by': 'cache-ams4434-AMS',
22 silly get     'x-cache': 'HIT',
22 silly get     'x-cache-hits': '1',
22 silly get     'x-timer': 'S1475919013.021172,VS0,VE0',
22 silly get     vary: 'Accept-Encoding' } ]
23 verbose get saving bcrypt to C:\Users\User\AppData\Roaming\npm-cache\registry.npmjs.org\bcrypt\.cache.json
24 verbose correctMkdir C:\Users\User\AppData\Roaming\npm-cache correctMkdir not in flight; initializing
25 silly install normalizeTree
26 silly loadCurrentTree Finishing
27 silly loadIdealTree Starting
28 silly install loadIdealTree
29 silly cloneCurrentTree Starting
30 silly install cloneCurrentTreeToIdealTree
31 silly cloneCurrentTree Finishing
32 silly loadShrinkwrap Starting
33 silly install loadShrinkwrap
34 silly loadShrinkwrap Finishing
35 silly loadAllDepsIntoIdealTree Starting
36 silly install loadAllDepsIntoIdealTree
37 silly resolveWithNewModule bcrypt@0.8.7 checking installable status
38 silly cache add args [ 'bcrypt', null ]
39 verbose cache add spec bcrypt
40 silly cache add parsed spec Result {
40 silly cache add   raw: 'bcrypt',
40 silly cache add   scope: null,
40 silly cache add   escapedName: 'bcrypt',
40 silly cache add   name: 'bcrypt',
40 silly cache add   rawSpec: '',
40 silly cache add   spec: 'latest',
40 silly cache add   type: 'tag' }
41 silly addNamed bcrypt@latest
42 verbose addNamed "latest" is being treated as a dist-tag for bcrypt
43 info addNameTag [ 'bcrypt', 'latest' ]
44 silly mapToRegistry name bcrypt
45 silly mapToRegistry using default registry
46 silly mapToRegistry registry https://registry.npmjs.org/
47 silly mapToRegistry data Result {
47 silly mapToRegistry   raw: 'bcrypt',
47 silly mapToRegistry   scope: null,
47 silly mapToRegistry   escapedName: 'bcrypt',
47 silly mapToRegistry   name: 'bcrypt',
47 silly mapToRegistry   rawSpec: '',
47 silly mapToRegistry   spec: 'latest',
47 silly mapToRegistry   type: 'tag' }
48 silly mapToRegistry uri https://registry.npmjs.org/bcrypt
49 verbose addNameTag registry:https://registry.npmjs.org/bcrypt not in flight; fetching
50 verbose get https://registry.npmjs.org/bcrypt not expired, no request
51 silly addNameTag next cb for bcrypt with tag latest
52 silly addNamed bcrypt@0.8.7
53 verbose addNamed "0.8.7" is a plain semver version for bcrypt
54 silly cache afterAdd bcrypt@0.8.7
55 verbose afterAdd C:\Users\User\AppData\Roaming\npm-cache\bcrypt\0.8.7\package\package.json not in flight; writing
56 verbose correctMkdir C:\Users\User\AppData\Roaming\npm-cache correctMkdir not in flight; initializing
57 verbose afterAdd C:\Users\User\AppData\Roaming\npm-cache\bcrypt\0.8.7\package\package.json written
58 silly fetchNamedPackageData bindings
59 silly mapToRegistry name bindings
60 silly mapToRegistry using default registry
61 silly mapToRegistry registry https://registry.npmjs.org/
62 silly mapToRegistry data Result {
62 silly mapToRegistry   raw: 'bindings',
62 silly mapToRegistry   scope: null,
62 silly mapToRegistry   escapedName: 'bindings',
62 silly mapToRegistry   name: 'bindings',
62 silly mapToRegistry   rawSpec: '',
62 silly mapToRegistry   spec: 'latest',
62 silly mapToRegistry   type: 'tag' }
63 silly mapToRegistry uri https://registry.npmjs.org/bindings
64 silly fetchNamedPackageData nan
65 silly mapToRegistry name nan
66 silly mapToRegistry using default registry
67 silly mapToRegistry registry https://registry.npmjs.org/
68 silly mapToRegistry data Result {
68 silly mapToRegistry   raw: 'nan',
68 silly mapToRegistry   scope: null,
68 silly mapToRegistry   escapedName: 'nan',
68 silly mapToRegistry   name: 'nan',
68 silly mapToRegistry   rawSpec: '',
68 silly mapToRegistry   spec: 'latest',
68 silly mapToRegistry   type: 'tag' }
69 silly mapToRegistry uri https://registry.npmjs.org/nan
70 verbose request uri https://registry.npmjs.org/nan
71 verbose request no auth needed
72 info attempt registry request try #1 at 12:30:19
73 verbose etag "1YJEPM5V4XH0MZT0HV3B8R9BB"
74 http request GET https://registry.npmjs.org/nan
75 verbose request uri https://registry.npmjs.org/bindings
76 verbose request no auth needed
77 info attempt registry request try #1 at 12:30:19
78 verbose etag "C1AW6UVQGY4VZQGFC1WTIGMDV"
79 http request GET https://registry.npmjs.org/bindings
80 http 304 https://registry.npmjs.org/nan
81 verbose headers { date: 'Sat, 08 Oct 2016 09:30:20 GMT',
81 verbose headers   via: '1.1 varnish',
81 verbose headers   'cache-control': 'max-age=300',
81 verbose headers   etag: '"1YJEPM5V4XH0MZT0HV3B8R9BB"',
81 verbose headers   age: '133',
81 verbose headers   connection: 'keep-alive',
81 verbose headers   'x-served-by': 'cache-ams4434-AMS',
81 verbose headers   'x-cache': 'HIT',
81 verbose headers   'x-cache-hits': '1',
81 verbose headers   'x-timer': 'S1475919020.500312,VS0,VE0',
81 verbose headers   vary: 'Accept-Encoding' }
82 silly get cb [ 304,
82 silly get   { date: 'Sat, 08 Oct 2016 09:30:20 GMT',
82 silly get     via: '1.1 varnish',
82 silly get     'cache-control': 'max-age=300',
82 silly get     etag: '"1YJEPM5V4XH0MZT0HV3B8R9BB"',
82 silly get     age: '133',
82 silly get     connection: 'keep-alive',
82 silly get     'x-served-by': 'cache-ams4434-AMS',
82 silly get     'x-cache': 'HIT',
82 silly get     'x-cache-hits': '1',
82 silly get     'x-timer': 'S1475919020.500312,VS0,VE0',
82 silly get     vary: 'Accept-Encoding' } ]
83 verbose etag https://registry.npmjs.org/nan from cache
84 verbose get saving nan to C:\Users\User\AppData\Roaming\npm-cache\registry.npmjs.org\nan\.cache.json
85 verbose correctMkdir C:\Users\User\AppData\Roaming\npm-cache correctMkdir not in flight; initializing
86 silly resolveWithNewModule nan@2.3.5 checking installable status
87 silly cache add args [ 'nan@2.3.5', null ]
88 verbose cache add spec nan@2.3.5
89 silly cache add parsed spec Result {
89 silly cache add   raw: 'nan@2.3.5',
89 silly cache add   scope: null,
89 silly cache add   escapedName: 'nan',
89 silly cache add   name: 'nan',
89 silly cache add   rawSpec: '2.3.5',
89 silly cache add   spec: '2.3.5',
89 silly cache add   type: 'version' }
90 silly addNamed nan@2.3.5
91 verbose addNamed "2.3.5" is a plain semver version for nan
92 silly mapToRegistry name nan
93 silly mapToRegistry using default registry
94 silly mapToRegistry registry https://registry.npmjs.org/
95 silly mapToRegistry data Result {
95 silly mapToRegistry   raw: 'nan',
95 silly mapToRegistry   scope: null,
95 silly mapToRegistry   escapedName: 'nan',
95 silly mapToRegistry   name: 'nan',
95 silly mapToRegistry   rawSpec: '',
95 silly mapToRegistry   spec: 'latest',
95 silly mapToRegistry   type: 'tag' }
96 silly mapToRegistry uri https://registry.npmjs.org/nan
97 verbose addNameVersion registry:https://registry.npmjs.org/nan not in flight; fetching
98 verbose get https://registry.npmjs.org/nan not expired, no request
99 silly cache afterAdd nan@2.3.5
100 verbose afterAdd C:\Users\User\AppData\Roaming\npm-cache\nan\2.3.5\package\package.json not in flight; writing
101 verbose correctMkdir C:\Users\User\AppData\Roaming\npm-cache correctMkdir not in flight; initializing
102 verbose afterAdd C:\Users\User\AppData\Roaming\npm-cache\nan\2.3.5\package\package.json written
103 http 304 https://registry.npmjs.org/bindings
104 verbose headers { date: 'Sat, 08 Oct 2016 09:30:23 GMT',
104 verbose headers   via: '1.1 varnish',
104 verbose headers   'cache-control': 'max-age=300',
104 verbose headers   etag: '"C1AW6UVQGY4VZQGFC1WTIGMDV"',
104 verbose headers   age: '247',
104 verbose headers   connection: 'keep-alive',
104 verbose headers   'x-served-by': 'cache-ams4141-AMS',
104 verbose headers   'x-cache': 'HIT',
104 verbose headers   'x-cache-hits': '1',
104 verbose headers   'x-timer': 'S1475919023.392942,VS0,VE0',
104 verbose headers   vary: 'Accept-Encoding' }
105 silly get cb [ 304,
105 silly get   { date: 'Sat, 08 Oct 2016 09:30:23 GMT',
105 silly get     via: '1.1 varnish',
105 silly get     'cache-control': 'max-age=300',
105 silly get     etag: '"C1AW6UVQGY4VZQGFC1WTIGMDV"',
105 silly get     age: '247',
105 silly get     connection: 'keep-alive',
105 silly get     'x-served-by': 'cache-ams4141-AMS',
105 silly get     'x-cache': 'HIT',
105 silly get     'x-cache-hits': '1',
105 silly get     'x-timer': 'S1475919023.392942,VS0,VE0',
105 silly get     vary: 'Accept-Encoding' } ]
106 verbose etag https://registry.npmjs.org/bindings from cache
107 verbose get saving bindings to C:\Users\User\AppData\Roaming\npm-cache\registry.npmjs.org\bindings\.cache.json
108 verbose correctMkdir C:\Users\User\AppData\Roaming\npm-cache correctMkdir not in flight; initializing
109 silly resolveWithNewModule bindings@1.2.1 checking installable status
110 silly cache add args [ 'bindings@1.2.1', null ]
111 verbose cache add spec bindings@1.2.1
112 silly cache add parsed spec Result {
112 silly cache add   raw: 'bindings@1.2.1',
112 silly cache add   scope: null,
112 silly cache add   escapedName: 'bindings',
112 silly cache add   name: 'bindings',
112 silly cache add   rawSpec: '1.2.1',
112 silly cache add   spec: '1.2.1',
112 silly cache add   type: 'version' }
113 silly addNamed bindings@1.2.1
114 verbose addNamed "1.2.1" is a plain semver version for bindings
115 silly mapToRegistry name bindings
116 silly mapToRegistry using default registry
117 silly mapToRegistry registry https://registry.npmjs.org/
118 silly mapToRegistry data Result {
118 silly mapToRegistry   raw: 'bindings',
118 silly mapToRegistry   scope: null,
118 silly mapToRegistry   escapedName: 'bindings',
118 silly mapToRegistry   name: 'bindings',
118 silly mapToRegistry   rawSpec: '',
118 silly mapToRegistry   spec: 'latest',
118 silly mapToRegistry   type: 'tag' }
119 silly mapToRegistry uri https://registry.npmjs.org/bindings
120 verbose addNameVersion registry:https://registry.npmjs.org/bindings not in flight; fetching
121 verbose get https://registry.npmjs.org/bindings not expired, no request
122 silly cache afterAdd bindings@1.2.1
123 verbose afterAdd C:\Users\User\AppData\Roaming\npm-cache\bindings\1.2.1\package\package.json not in flight; writing
124 verbose correctMkdir C:\Users\User\AppData\Roaming\npm-cache correctMkdir not in flight; initializing
125 verbose afterAdd C:\Users\User\AppData\Roaming\npm-cache\bindings\1.2.1\package\package.json written
126 silly loadAllDepsIntoIdealTree Finishing
127 silly loadIdealTree Finishing
128 silly currentTree Pizza-day@
128 silly currentTree +-- acorn-jsx@3.0.1
128 silly currentTree | `-- acorn@3.3.0
128 silly currentTree +-- acorn@4.0.3
128 silly currentTree +-- ajv-keywords@1.1.1
128 silly currentTree +-- ajv@4.7.7
128 silly currentTree +-- ansi-escapes@1.4.0
128 silly currentTree +-- ansi-regex@2.0.0
128 silly currentTree +-- ansi-styles@2.2.1
128 silly currentTree +-- argparse@1.0.9
128 silly currentTree +-- array-union@1.0.2
128 silly currentTree +-- array-uniq@1.0.3
128 silly currentTree +-- arrify@1.0.1
128 silly currentTree +-- babel-code-frame@6.16.0
128 silly currentTree +-- babel-core@6.17.0
128 silly currentTree | `-- path-exists@1.0.0
128 silly currentTree +-- babel-eslint@7.0.0
128 silly currentTree +-- babel-generator@6.17.0
128 silly currentTree +-- babel-helpers@6.16.0
128 silly currentTree +-- babel-messages@6.8.0
128 silly currentTree +-- babel-register@6.16.3
128 silly currentTree | `-- path-exists@1.0.0
128 silly currentTree +-- babel-runtime@6.11.6
128 silly currentTree +-- babel-template@6.16.0
128 silly currentTree +-- babel-traverse@6.16.0
128 silly currentTree +-- babel-types@6.16.0
128 silly currentTree +-- babylon@6.11.4
128 silly currentTree +-- balanced-match@0.4.2
128 silly currentTree +-- brace-expansion@1.1.6
128 silly currentTree +-- builtin-modules@1.1.1
128 silly currentTree +-- caller-path@0.1.0
128 silly currentTree +-- callsites@0.2.0
128 silly currentTree +-- chalk@1.1.3
128 silly currentTree +-- circular-json@0.3.1
128 silly currentTree +-- cli-cursor@1.0.2
128 silly currentTree +-- cli-width@2.1.0
128 silly currentTree +-- co@4.6.0
128 silly currentTree +-- code-point-at@1.0.1
128 silly currentTree +-- concat-map@0.0.1
128 silly currentTree +-- concat-stream@1.5.2
128 silly currentTree +-- contains-path@0.1.0
128 silly currentTree +-- convert-source-map@1.3.0
128 silly currentTree +-- core-js@2.4.1
128 silly currentTree +-- core-util-is@1.0.2
128 silly currentTree +-- d@0.1.1
128 silly currentTree +-- damerau-levenshtein@1.0.3
128 silly currentTree +-- debug@2.2.0
128 silly currentTree +-- deep-is@0.1.3
128 silly currentTree +-- del@2.2.2
128 silly currentTree +-- detect-indent@3.0.1
128 silly currentTree | `-- minimist@1.2.0
128 silly currentTree +-- doctrine@1.4.0
128 silly currentTree +-- es5-ext@0.10.12
128 silly currentTree +-- es6-iterator@2.0.0
128 silly currentTree +-- es6-map@0.1.4
128 silly currentTree +-- es6-set@0.1.4
128 silly currentTree +-- es6-symbol@3.1.0
128 silly currentTree +-- es6-weak-map@2.0.1
128 silly currentTree +-- escape-string-regexp@1.0.5
128 silly currentTree +-- escope@3.6.0
128 silly currentTree +-- eslint-config-airbnb-base@8.0.0
128 silly currentTree +-- eslint-config-airbnb@12.0.0
128 silly currentTree +-- eslint-import-resolver-meteor@0.3.3
128 silly currentTree +-- eslint-import-resolver-node@0.2.3
128 silly currentTree +-- eslint-module-utils@1.0.0
128 silly currentTree +-- eslint-plugin-import@2.0.0
128 silly currentTree | `-- doctrine@1.3.0
128 silly currentTree +-- eslint-plugin-jsx-a11y@2.2.2
128 silly currentTree +-- eslint-plugin-meteor@4.0.1
128 silly currentTree | `-- path-exists@3.0.0
128 silly currentTree +-- eslint-plugin-react@6.3.0
128 silly currentTree +-- eslint@3.7.1
128 silly currentTree | `-- globals@9.10.0
128 silly currentTree +-- espree@3.3.2
128 silly currentTree +-- esprima@2.7.3
128 silly currentTree +-- esrecurse@4.1.0
128 silly currentTree | `-- estraverse@4.1.1
128 silly currentTree +-- estraverse@4.2.0
128 silly currentTree +-- esutils@2.0.2
128 silly currentTree +-- event-emitter@0.3.4
128 silly currentTree +-- exit-hook@1.1.1
128 silly currentTree +-- fast-levenshtein@2.0.5
128 silly currentTree +-- figures@1.7.0
128 silly currentTree +-- file-entry-cache@2.0.0
128 silly currentTree +-- find-up@1.1.2
128 silly currentTree +-- flat-cache@1.2.1
128 silly currentTree +-- fs.realpath@1.0.0
128 silly currentTree +-- function-bind@1.1.0
128 silly currentTree +-- generate-function@2.0.0
128 silly currentTree +-- generate-object-property@1.2.0
128 silly currentTree +-- get-stdin@4.0.1
128 silly currentTree +-- glob@7.1.0
128 silly currentTree +-- globals@8.18.0
128 silly currentTree +-- globby@5.0.0
128 silly currentTree +-- graceful-fs@4.1.9
128 silly currentTree +-- has-ansi@2.0.0
128 silly currentTree +-- has@1.0.1
128 silly currentTree +-- home-or-tmp@1.0.0
128 silly currentTree | `-- user-home@1.1.1
128 silly currentTree +-- ignore@3.1.5
128 silly currentTree +-- imurmurhash@0.1.4
128 silly currentTree +-- inflight@1.0.5
128 silly currentTree +-- inherits@2.0.3
128 silly currentTree +-- inquirer@0.12.0
128 silly currentTree +-- invariant@2.2.1
128 silly currentTree +-- is-finite@1.0.2
128 silly currentTree +-- is-fullwidth-code-point@1.0.0
128 silly currentTree +-- is-my-json-valid@2.15.0
128 silly currentTree +-- is-path-cwd@1.0.0
128 silly currentTree +-- is-path-in-cwd@1.0.0
128 silly currentTree +-- is-path-inside@1.0.0
128 silly currentTree +-- is-property@1.0.2
128 silly currentTree +-- is-resolvable@1.0.0
128 silly currentTree +-- isarray@1.0.0
128 silly currentTree +-- js-tokens@2.0.0
128 silly currentTree +-- js-yaml@3.6.1
128 silly currentTree +-- jsesc@1.3.0
128 silly currentTree +-- json-stable-stringify@1.0.1
128 silly currentTree +-- json5@0.4.0
128 silly currentTree +-- jsonify@0.0.0
128 silly currentTree +-- jsonpointer@4.0.0
128 silly currentTree +-- jsx-ast-utils@1.3.1
128 silly currentTree +-- levn@0.3.0
128 silly currentTree +-- lodash.cond@4.5.2
128 silly currentTree +-- lodash.find@4.6.0
128 silly currentTree +-- lodash.memoize@4.1.2
128 silly currentTree +-- lodash.pickby@4.6.0
128 silly currentTree +-- lodash@4.16.3
128 silly currentTree +-- loose-envify@1.2.0
128 silly currentTree | `-- js-tokens@1.0.3
128 silly currentTree +-- minimatch@3.0.3
128 silly currentTree +-- minimist@0.0.8
128 silly currentTree +-- mkdirp@0.5.1
128 silly currentTree +-- ms@0.7.1
128 silly currentTree +-- mute-stream@0.0.5
128 silly currentTree +-- natural-compare@1.4.0
128 silly currentTree +-- number-is-nan@1.0.1
128 silly currentTree +-- object-assign@4.1.0
128 silly currentTree +-- once@1.4.0
128 silly currentTree +-- onetime@1.1.0
128 silly currentTree +-- optionator@0.8.2
128 silly currentTree +-- os-homedir@1.0.2
128 silly currentTree +-- os-tmpdir@1.0.2
128 silly currentTree +-- path-exists@2.1.0
128 silly currentTree +-- path-is-absolute@1.0.1
128 silly currentTree +-- path-is-inside@1.0.2
128 silly currentTree +-- pify@2.3.0
128 silly currentTree +-- pinkie-promise@2.0.1
128 silly currentTree +-- pinkie@2.0.4
128 silly currentTree +-- pkg-dir@1.0.0
128 silly currentTree +-- pkg-up@1.0.0
128 silly currentTree +-- pluralize@1.2.1
128 silly currentTree +-- prelude-ls@1.1.2
128 silly currentTree +-- private@0.1.6
128 silly currentTree +-- process-nextick-args@1.0.7
128 silly currentTree +-- progress@1.1.8
128 silly currentTree +-- readable-stream@2.0.6
128 silly currentTree +-- readline2@1.0.1
128 silly currentTree +-- regenerator-runtime@0.9.5
128 silly currentTree +-- repeating@1.1.3
128 silly currentTree +-- require-uncached@1.0.2
128 silly currentTree +-- resolve-from@1.0.1
128 silly currentTree +-- resolve@1.1.7
128 silly currentTree +-- restore-cursor@1.0.1
128 silly currentTree +-- rimraf@2.5.4
128 silly currentTree +-- run-async@0.1.0
128 silly currentTree +-- rx-lite@3.1.2
128 silly currentTree +-- shebang-regex@1.0.0
128 silly currentTree +-- shelljs@0.6.1
128 silly currentTree +-- slash@1.0.0
128 silly currentTree +-- slice-ansi@0.0.4
128 silly currentTree +-- source-map-support@0.4.3
128 silly currentTree +-- source-map@0.5.6
128 silly currentTree +-- sprintf-js@1.0.3
128 silly currentTree +-- string_decoder@0.10.31
128 silly currentTree +-- string-width@1.0.2
128 silly currentTree +-- strip-ansi@3.0.1
128 silly currentTree +-- strip-bom@3.0.0
128 silly currentTree +-- strip-json-comments@1.0.4
128 silly currentTree +-- supports-color@2.0.0
128 silly currentTree +-- table@3.8.0
128 silly currentTree +-- text-table@0.2.0
128 silly currentTree +-- through@2.3.8
128 silly currentTree +-- to-fast-properties@1.0.2
128 silly currentTree +-- tryit@1.0.2
128 silly currentTree +-- type-check@0.3.2
128 silly currentTree +-- typedarray@0.0.6
128 silly currentTree +-- user-home@2.0.0
128 silly currentTree +-- util-deprecate@1.0.2
128 silly currentTree +-- wordwrap@1.0.0
128 silly currentTree +-- wrappy@1.0.2
128 silly currentTree +-- write@0.2.1
128 silly currentTree `-- xtend@4.0.1
129 silly idealTree Pizza-day@
129 silly idealTree +-- acorn-jsx@3.0.1
129 silly idealTree | `-- acorn@3.3.0
129 silly idealTree +-- acorn@4.0.3
129 silly idealTree +-- ajv-keywords@1.1.1
129 silly idealTree +-- ajv@4.7.7
129 silly idealTree +-- ansi-escapes@1.4.0
129 silly idealTree +-- ansi-regex@2.0.0
129 silly idealTree +-- ansi-styles@2.2.1
129 silly idealTree +-- argparse@1.0.9
129 silly idealTree +-- array-union@1.0.2
129 silly idealTree +-- array-uniq@1.0.3
129 silly idealTree +-- arrify@1.0.1
129 silly idealTree +-- babel-code-frame@6.16.0
129 silly idealTree +-- babel-core@6.17.0
129 silly idealTree | `-- path-exists@1.0.0
129 silly idealTree +-- babel-eslint@7.0.0
129 silly idealTree +-- babel-generator@6.17.0
129 silly idealTree +-- babel-helpers@6.16.0
129 silly idealTree +-- babel-messages@6.8.0
129 silly idealTree +-- babel-register@6.16.3
129 silly idealTree | `-- path-exists@1.0.0
129 silly idealTree +-- babel-runtime@6.11.6
129 silly idealTree +-- babel-template@6.16.0
129 silly idealTree +-- babel-traverse@6.16.0
129 silly idealTree +-- babel-types@6.16.0
129 silly idealTree +-- babylon@6.11.4
129 silly idealTree +-- balanced-match@0.4.2
129 silly idealTree +-- bcrypt@0.8.7
129 silly idealTree +-- bindings@1.2.1
129 silly idealTree +-- brace-expansion@1.1.6
129 silly idealTree +-- builtin-modules@1.1.1
129 silly idealTree +-- caller-path@0.1.0
129 silly idealTree +-- callsites@0.2.0
129 silly idealTree +-- chalk@1.1.3
129 silly idealTree +-- circular-json@0.3.1
129 silly idealTree +-- cli-cursor@1.0.2
129 silly idealTree +-- cli-width@2.1.0
129 silly idealTree +-- co@4.6.0
129 silly idealTree +-- code-point-at@1.0.1
129 silly idealTree +-- concat-map@0.0.1
129 silly idealTree +-- concat-stream@1.5.2
129 silly idealTree +-- contains-path@0.1.0
129 silly idealTree +-- convert-source-map@1.3.0
129 silly idealTree +-- core-js@2.4.1
129 silly idealTree +-- core-util-is@1.0.2
129 silly idealTree +-- d@0.1.1
129 silly idealTree +-- damerau-levenshtein@1.0.3
129 silly idealTree +-- debug@2.2.0
129 silly idealTree +-- deep-is@0.1.3
129 silly idealTree +-- del@2.2.2
129 silly idealTree +-- detect-indent@3.0.1
129 silly idealTree | `-- minimist@1.2.0
129 silly idealTree +-- doctrine@1.4.0
129 silly idealTree +-- es5-ext@0.10.12
129 silly idealTree +-- es6-iterator@2.0.0
129 silly idealTree +-- es6-map@0.1.4
129 silly idealTree +-- es6-set@0.1.4
129 silly idealTree +-- es6-symbol@3.1.0
129 silly idealTree +-- es6-weak-map@2.0.1
129 silly idealTree +-- escape-string-regexp@1.0.5
129 silly idealTree +-- escope@3.6.0
129 silly idealTree +-- eslint-config-airbnb-base@8.0.0
129 silly idealTree +-- eslint-config-airbnb@12.0.0
129 silly idealTree +-- eslint-import-resolver-meteor@0.3.3
129 silly idealTree +-- eslint-import-resolver-node@0.2.3
129 silly idealTree +-- eslint-module-utils@1.0.0
129 silly idealTree +-- eslint-plugin-import@2.0.0
129 silly idealTree | `-- doctrine@1.3.0
129 silly idealTree +-- eslint-plugin-jsx-a11y@2.2.2
129 silly idealTree +-- eslint-plugin-meteor@4.0.1
129 silly idealTree | `-- path-exists@3.0.0
129 silly idealTree +-- eslint-plugin-react@6.3.0
129 silly idealTree +-- eslint@3.7.1
129 silly idealTree | `-- globals@9.10.0
129 silly idealTree +-- espree@3.3.2
129 silly idealTree +-- esprima@2.7.3
129 silly idealTree +-- esrecurse@4.1.0
129 silly idealTree | `-- estraverse@4.1.1
129 silly idealTree +-- estraverse@4.2.0
129 silly idealTree +-- esutils@2.0.2
129 silly idealTree +-- event-emitter@0.3.4
129 silly idealTree +-- exit-hook@1.1.1
129 silly idealTree +-- fast-levenshtein@2.0.5
129 silly idealTree +-- figures@1.7.0
129 silly idealTree +-- file-entry-cache@2.0.0
129 silly idealTree +-- find-up@1.1.2
129 silly idealTree +-- flat-cache@1.2.1
129 silly idealTree +-- fs.realpath@1.0.0
129 silly idealTree +-- function-bind@1.1.0
129 silly idealTree +-- generate-function@2.0.0
129 silly idealTree +-- generate-object-property@1.2.0
129 silly idealTree +-- get-stdin@4.0.1
129 silly idealTree +-- glob@7.1.0
129 silly idealTree +-- globals@8.18.0
129 silly idealTree +-- globby@5.0.0
129 silly idealTree +-- graceful-fs@4.1.9
129 silly idealTree +-- has-ansi@2.0.0
129 silly idealTree +-- has@1.0.1
129 silly idealTree +-- home-or-tmp@1.0.0
129 silly idealTree | `-- user-home@1.1.1
129 silly idealTree +-- ignore@3.1.5
129 silly idealTree +-- imurmurhash@0.1.4
129 silly idealTree +-- inflight@1.0.5
129 silly idealTree +-- inherits@2.0.3
129 silly idealTree +-- inquirer@0.12.0
129 silly idealTree +-- invariant@2.2.1
129 silly idealTree +-- is-finite@1.0.2
129 silly idealTree +-- is-fullwidth-code-point@1.0.0
129 silly idealTree +-- is-my-json-valid@2.15.0
129 silly idealTree +-- is-path-cwd@1.0.0
129 silly idealTree +-- is-path-in-cwd@1.0.0
129 silly idealTree +-- is-path-inside@1.0.0
129 silly idealTree +-- is-property@1.0.2
129 silly idealTree +-- is-resolvable@1.0.0
129 silly idealTree +-- isarray@1.0.0
129 silly idealTree +-- js-tokens@2.0.0
129 silly idealTree +-- js-yaml@3.6.1
129 silly idealTree +-- jsesc@1.3.0
129 silly idealTree +-- json-stable-stringify@1.0.1
129 silly idealTree +-- json5@0.4.0
129 silly idealTree +-- jsonify@0.0.0
129 silly idealTree +-- jsonpointer@4.0.0
129 silly idealTree +-- jsx-ast-utils@1.3.1
129 silly idealTree +-- levn@0.3.0
129 silly idealTree +-- lodash.cond@4.5.2
129 silly idealTree +-- lodash.find@4.6.0
129 silly idealTree +-- lodash.memoize@4.1.2
129 silly idealTree +-- lodash.pickby@4.6.0
129 silly idealTree +-- lodash@4.16.3
129 silly idealTree +-- loose-envify@1.2.0
129 silly idealTree | `-- js-tokens@1.0.3
129 silly idealTree +-- minimatch@3.0.3
129 silly idealTree +-- minimist@0.0.8
129 silly idealTree +-- mkdirp@0.5.1
129 silly idealTree +-- ms@0.7.1
129 silly idealTree +-- mute-stream@0.0.5
129 silly idealTree +-- nan@2.3.5
129 silly idealTree +-- natural-compare@1.4.0
129 silly idealTree +-- number-is-nan@1.0.1
129 silly idealTree +-- object-assign@4.1.0
129 silly idealTree +-- once@1.4.0
129 silly idealTree +-- onetime@1.1.0
129 silly idealTree +-- optionator@0.8.2
129 silly idealTree +-- os-homedir@1.0.2
129 silly idealTree +-- os-tmpdir@1.0.2
129 silly idealTree +-- path-exists@2.1.0
129 silly idealTree +-- path-is-absolute@1.0.1
129 silly idealTree +-- path-is-inside@1.0.2
129 silly idealTree +-- pify@2.3.0
129 silly idealTree +-- pinkie-promise@2.0.1
129 silly idealTree +-- pinkie@2.0.4
129 silly idealTree +-- pkg-dir@1.0.0
129 silly idealTree +-- pkg-up@1.0.0
129 silly idealTree +-- pluralize@1.2.1
129 silly idealTree +-- prelude-ls@1.1.2
129 silly idealTree +-- private@0.1.6
129 silly idealTree +-- process-nextick-args@1.0.7
129 silly idealTree +-- progress@1.1.8
129 silly idealTree +-- readable-stream@2.0.6
129 silly idealTree +-- readline2@1.0.1
129 silly idealTree +-- regenerator-runtime@0.9.5
129 silly idealTree +-- repeating@1.1.3
129 silly idealTree +-- require-uncached@1.0.2
129 silly idealTree +-- resolve-from@1.0.1
129 silly idealTree +-- resolve@1.1.7
129 silly idealTree +-- restore-cursor@1.0.1
129 silly idealTree +-- rimraf@2.5.4
129 silly idealTree +-- run-async@0.1.0
129 silly idealTree +-- rx-lite@3.1.2
129 silly idealTree +-- shebang-regex@1.0.0
129 silly idealTree +-- shelljs@0.6.1
129 silly idealTree +-- slash@1.0.0
129 silly idealTree +-- slice-ansi@0.0.4
129 silly idealTree +-- source-map-support@0.4.3
129 silly idealTree +-- source-map@0.5.6
129 silly idealTree +-- sprintf-js@1.0.3
129 silly idealTree +-- string_decoder@0.10.31
129 silly idealTree +-- string-width@1.0.2
129 silly idealTree +-- strip-ansi@3.0.1
129 silly idealTree +-- strip-bom@3.0.0
129 silly idealTree +-- strip-json-comments@1.0.4
129 silly idealTree +-- supports-color@2.0.0
129 silly idealTree +-- table@3.8.0
129 silly idealTree +-- text-table@0.2.0
129 silly idealTree +-- through@2.3.8
129 silly idealTree +-- to-fast-properties@1.0.2
129 silly idealTree +-- tryit@1.0.2
129 silly idealTree +-- type-check@0.3.2
129 silly idealTree +-- typedarray@0.0.6
129 silly idealTree +-- user-home@2.0.0
129 silly idealTree +-- util-deprecate@1.0.2
129 silly idealTree +-- wordwrap@1.0.0
129 silly idealTree +-- wrappy@1.0.2
129 silly idealTree +-- write@0.2.1
129 silly idealTree `-- xtend@4.0.1
130 silly generateActionsToTake Starting
131 silly install generateActionsToTake
132 silly generateActionsToTake Finishing
133 silly diffTrees action count 3
134 silly diffTrees add bindings@1.2.1
135 silly diffTrees add nan@2.3.5
136 silly diffTrees add bcrypt@0.8.7
137 silly decomposeActions action count 24
138 silly decomposeActions fetch bindings@1.2.1
139 silly decomposeActions extract bindings@1.2.1
140 silly decomposeActions test bindings@1.2.1
141 silly decomposeActions preinstall bindings@1.2.1
142 silly decomposeActions build bindings@1.2.1
143 silly decomposeActions install bindings@1.2.1
144 silly decomposeActions postinstall bindings@1.2.1
145 silly decomposeActions finalize bindings@1.2.1
146 silly decomposeActions fetch nan@2.3.5
147 silly decomposeActions extract nan@2.3.5
148 silly decomposeActions test nan@2.3.5
149 silly decomposeActions preinstall nan@2.3.5
150 silly decomposeActions build nan@2.3.5
151 silly decomposeActions install nan@2.3.5
152 silly decomposeActions postinstall nan@2.3.5
153 silly decomposeActions finalize nan@2.3.5
154 silly decomposeActions fetch bcrypt@0.8.7
155 silly decomposeActions extract bcrypt@0.8.7
156 silly decomposeActions test bcrypt@0.8.7
157 silly decomposeActions preinstall bcrypt@0.8.7
158 silly decomposeActions build bcrypt@0.8.7
159 silly decomposeActions install bcrypt@0.8.7
160 silly decomposeActions postinstall bcrypt@0.8.7
161 silly decomposeActions finalize bcrypt@0.8.7
162 silly executeActions Starting
163 silly install executeActions
164 silly doSerial global-install 0
165 silly doParallel fetch 3
166 verbose correctMkdir C:\Users\User\AppData\Roaming\npm-cache\_locks correctMkdir not in flight; initializing
167 verbose lock using C:\Users\User\AppData\Roaming\npm-cache\_locks\staging-f4dc3eb82fde9f6f.lock for C:\Users\User\Desktop\testM\Pizza-day\node_modules\.staging
168 silly doParallel extract 3
169 silly extract bindings@1.2.1
170 silly extract nan@2.3.5
171 silly extract bcrypt@0.8.7
172 verbose unbuild node_modules\.staging\bindings-98bdb13b
173 verbose unbuild node_modules\.staging\nan-18ebb812
174 verbose unbuild node_modules\.staging\bcrypt-b4ea8ece
175 silly gentlyRm C:\Users\User\Desktop\testM\Pizza-day\node_modules\.staging\bindings-98bdb13b is being purged from base C:\Users\User\Desktop\testM\Pizza-day
176 verbose gentlyRm don't care about contents; nuking C:\Users\User\Desktop\testM\Pizza-day\node_modules\.staging\bindings-98bdb13b
177 silly gentlyRm C:\Users\User\Desktop\testM\Pizza-day\node_modules\.staging\nan-18ebb812 is being purged from base C:\Users\User\Desktop\testM\Pizza-day
178 verbose gentlyRm don't care about contents; nuking C:\Users\User\Desktop\testM\Pizza-day\node_modules\.staging\nan-18ebb812
179 silly gentlyRm C:\Users\User\Desktop\testM\Pizza-day\node_modules\.staging\bcrypt-b4ea8ece is being purged from base C:\Users\User\Desktop\testM\Pizza-day
180 verbose gentlyRm don't care about contents; nuking C:\Users\User\Desktop\testM\Pizza-day\node_modules\.staging\bcrypt-b4ea8ece
181 verbose tar unpack C:\Users\User\AppData\Roaming\npm-cache\bindings\1.2.1\package.tgz
182 verbose tar unpacking to C:\Users\User\Desktop\testM\Pizza-day\node_modules\.staging\bindings-98bdb13b
183 silly gentlyRm C:\Users\User\Desktop\testM\Pizza-day\node_modules\.staging\bindings-98bdb13b is being purged
184 verbose gentlyRm don't care about contents; nuking C:\Users\User\Desktop\testM\Pizza-day\node_modules\.staging\bindings-98bdb13b
185 verbose tar unpack C:\Users\User\AppData\Roaming\npm-cache\nan\2.3.5\package.tgz
186 verbose tar unpacking to C:\Users\User\Desktop\testM\Pizza-day\node_modules\.staging\nan-18ebb812
187 silly gentlyRm C:\Users\User\Desktop\testM\Pizza-day\node_modules\.staging\nan-18ebb812 is being purged
188 verbose gentlyRm don't care about contents; nuking C:\Users\User\Desktop\testM\Pizza-day\node_modules\.staging\nan-18ebb812
189 verbose tar unpack C:\Users\User\AppData\Roaming\npm-cache\bcrypt\0.8.7\package.tgz
190 verbose tar unpacking to C:\Users\User\Desktop\testM\Pizza-day\node_modules\.staging\bcrypt-b4ea8ece
191 silly gentlyRm C:\Users\User\Desktop\testM\Pizza-day\node_modules\.staging\bcrypt-b4ea8ece is being purged
192 verbose gentlyRm don't care about contents; nuking C:\Users\User\Desktop\testM\Pizza-day\node_modules\.staging\bcrypt-b4ea8ece
193 silly gunzTarPerm modes [ '777', '666' ]
194 silly gunzTarPerm modes [ '777', '666' ]
195 silly gunzTarPerm modes [ '777', '666' ]
196 silly gunzTarPerm extractEntry package.json
197 silly gunzTarPerm modified mode [ 'package.json', 420, 438 ]
198 silly gunzTarPerm extractEntry package.json
199 silly gunzTarPerm modified mode [ 'package.json', 436, 438 ]
200 silly gunzTarPerm extractEntry package.json
201 silly gunzTarPerm modified mode [ 'package.json', 420, 438 ]
202 silly gunzTarPerm extractEntry README.md
203 silly gunzTarPerm modified mode [ 'README.md', 420, 438 ]
204 silly gunzTarPerm extractEntry bindings.js
205 silly gunzTarPerm modified mode [ 'bindings.js', 420, 438 ]
206 silly gunzTarPerm extractEntry README.md
207 silly gunzTarPerm modified mode [ 'README.md', 436, 438 ]
208 silly gunzTarPerm extractEntry .npmignore
209 silly gunzTarPerm modified mode [ '.npmignore', 420, 438 ]
210 silly gunzTarPerm extractEntry README.md
211 silly gunzTarPerm modified mode [ 'README.md', 420, 438 ]
212 silly gunzTarPerm extractEntry include_dirs.js
213 silly gunzTarPerm modified mode [ 'include_dirs.js', 436, 438 ]
214 silly gunzTarPerm extractEntry nan_converters.h
215 silly gunzTarPerm modified mode [ 'nan_converters.h', 436, 438 ]
216 silly gunzTarPerm extractEntry LICENSE.md
217 silly gunzTarPerm modified mode [ 'LICENSE.md', 436, 438 ]
218 silly gunzTarPerm extractEntry doc/node_misc.md
219 silly gunzTarPerm modified mode [ 'doc/node_misc.md', 436, 438 ]
220 silly gunzTarPerm extractEntry LICENSE
221 silly gunzTarPerm modified mode [ 'LICENSE', 420, 438 ]
222 silly gunzTarPerm extractEntry bcrypt.js
223 silly gunzTarPerm modified mode [ 'bcrypt.js', 420, 438 ]
224 silly gunzTarPerm extractEntry Makefile
225 silly gunzTarPerm modified mode [ 'Makefile', 420, 438 ]
226 silly gunzTarPerm extractEntry .travis.yml
227 silly gunzTarPerm modified mode [ '.travis.yml', 420, 438 ]
228 silly gunzTarPerm extractEntry CHANGELOG.md
229 silly gunzTarPerm modified mode [ 'CHANGELOG.md', 420, 438 ]
230 silly gunzTarPerm extractEntry binding.gyp
231 silly gunzTarPerm modified mode [ 'binding.gyp', 420, 438 ]
232 silly gunzTarPerm extractEntry examples/async_compare.js
233 silly gunzTarPerm modified mode [ 'examples/async_compare.js', 420, 438 ]
234 silly gunzTarPerm extractEntry examples/forever_gen_salt.js
235 silly gunzTarPerm modified mode [ 'examples/forever_gen_salt.js', 420, 438 ]
236 silly gunzTarPerm extractEntry test/async.js
237 silly gunzTarPerm modified mode [ 'test/async.js', 420, 438 ]
238 silly gunzTarPerm extractEntry test/repetitions.js
239 silly gunzTarPerm modified mode [ 'test/repetitions.js', 420, 438 ]
240 silly gunzTarPerm extractEntry test/sync.js
241 silly gunzTarPerm modified mode [ 'test/sync.js', 420, 438 ]
242 silly gunzTarPerm extractEntry ISSUE_TEMPLATE.md
243 silly gunzTarPerm modified mode [ 'ISSUE_TEMPLATE.md', 420, 438 ]
244 silly gunzTarPerm extractEntry src/bcrypt.cc
245 silly gunzTarPerm modified mode [ 'src/bcrypt.cc', 420, 438 ]
246 silly gunzTarPerm extractEntry src/bcrypt_node.cc
247 silly gunzTarPerm modified mode [ 'src/bcrypt_node.cc', 420, 438 ]
248 silly gunzTarPerm extractEntry src/blowfish.cc
249 silly gunzTarPerm modified mode [ 'src/blowfish.cc', 420, 438 ]
250 silly gunzTarPerm extractEntry src/node_blf.h
251 silly gunzTarPerm modified mode [ 'src/node_blf.h', 420, 438 ]
252 silly gunzTarPerm extractEntry werker.yml
253 silly gunzTarPerm modified mode [ 'werker.yml', 420, 438 ]
254 silly gunzTarPerm extractEntry doc/asyncworker.md
255 silly gunzTarPerm modified mode [ 'doc/asyncworker.md', 436, 438 ]
256 silly gunzTarPerm extractEntry doc/callback.md
257 silly gunzTarPerm modified mode [ 'doc/callback.md', 436, 438 ]
258 silly gunzTarPerm extractEntry doc/converters.md
259 silly gunzTarPerm modified mode [ 'doc/converters.md', 436, 438 ]
260 silly gunzTarPerm extractEntry doc/errors.md
261 silly gunzTarPerm modified mode [ 'doc/errors.md', 436, 438 ]
262 silly gunzTarPerm extractEntry doc/maybe_types.md
263 silly gunzTarPerm modified mode [ 'doc/maybe_types.md', 436, 438 ]
264 silly gunzTarPerm extractEntry doc/methods.md
265 silly gunzTarPerm modified mode [ 'doc/methods.md', 436, 438 ]
266 silly gunzTarPerm extractEntry doc/new.md
267 silly gunzTarPerm modified mode [ 'doc/new.md', 436, 438 ]
268 silly gentlyRm C:\Users\User\Desktop\testM\Pizza-day\node_modules\.staging\bindings-98bdb13b\node_modules is being purged
269 verbose gentlyRm don't care about contents; nuking C:\Users\User\Desktop\testM\Pizza-day\node_modules\.staging\bindings-98bdb13b\node_modules
270 silly gunzTarPerm extractEntry doc/buffers.md
271 silly gunzTarPerm modified mode [ 'doc/buffers.md', 436, 438 ]
272 silly gunzTarPerm extractEntry doc/object_wrappers.md
273 silly gunzTarPerm modified mode [ 'doc/object_wrappers.md', 436, 438 ]
274 silly gunzTarPerm extractEntry doc/persistent.md
275 silly gunzTarPerm modified mode [ 'doc/persistent.md', 436, 438 ]
276 silly gunzTarPerm extractEntry doc/scopes.md
277 silly gunzTarPerm modified mode [ 'doc/scopes.md', 436, 438 ]
278 silly gunzTarPerm extractEntry doc/script.md
279 silly gunzTarPerm modified mode [ 'doc/script.md', 436, 438 ]
280 silly gunzTarPerm extractEntry doc/string_bytes.md
281 silly gunzTarPerm modified mode [ 'doc/string_bytes.md', 436, 438 ]
282 silly gunzTarPerm extractEntry doc/v8_internals.md
283 silly gunzTarPerm modified mode [ 'doc/v8_internals.md', 436, 438 ]
284 silly gunzTarPerm extractEntry doc/v8_misc.md
285 silly gunzTarPerm modified mode [ 'doc/v8_misc.md', 436, 438 ]
286 silly gunzTarPerm extractEntry nan.h
287 silly gunzTarPerm modified mode [ 'nan.h', 436, 438 ]
288 silly gunzTarPerm extractEntry nan_callbacks.h
289 silly gunzTarPerm modified mode [ 'nan_callbacks.h', 436, 438 ]
290 silly gunzTarPerm extractEntry nan_callbacks_12_inl.h
291 silly gunzTarPerm modified mode [ 'nan_callbacks_12_inl.h', 436, 438 ]
292 silly gunzTarPerm extractEntry nan_callbacks_pre_12_inl.h
293 silly gunzTarPerm modified mode [ 'nan_callbacks_pre_12_inl.h', 436, 438 ]
294 silly gunzTarPerm extractEntry nan_converters_43_inl.h
295 silly gunzTarPerm modified mode [ 'nan_converters_43_inl.h', 436, 438 ]
296 silly gunzTarPerm extractEntry nan_converters_pre_43_inl.h
297 silly gunzTarPerm modified mode [ 'nan_converters_pre_43_inl.h', 436, 438 ]
298 silly gunzTarPerm extractEntry nan_implementation_12_inl.h
299 silly gunzTarPerm modified mode [ 'nan_implementation_12_inl.h', 436, 438 ]
300 silly gunzTarPerm extractEntry nan_implementation_pre_12_inl.h
301 silly gunzTarPerm modified mode [ 'nan_implementation_pre_12_inl.h', 436, 438 ]
302 silly gunzTarPerm extractEntry nan_maybe_43_inl.h
303 silly gunzTarPerm modified mode [ 'nan_maybe_43_inl.h', 436, 438 ]
304 silly gunzTarPerm extractEntry nan_maybe_pre_43_inl.h
305 silly gunzTarPerm modified mode [ 'nan_maybe_pre_43_inl.h', 436, 438 ]
306 silly gunzTarPerm extractEntry nan_new.h
307 silly gunzTarPerm modified mode [ 'nan_new.h', 436, 438 ]
308 silly gunzTarPerm extractEntry nan_object_wrap.h
309 silly gunzTarPerm modified mode [ 'nan_object_wrap.h', 436, 438 ]
310 silly gunzTarPerm extractEntry nan_persistent_12_inl.h
311 silly gunzTarPerm modified mode [ 'nan_persistent_12_inl.h', 436, 438 ]
312 silly gunzTarPerm extractEntry nan_persistent_pre_12_inl.h
313 silly gunzTarPerm modified mode [ 'nan_persistent_pre_12_inl.h', 436, 438 ]
314 silly gunzTarPerm extractEntry nan_string_bytes.h
315 silly gunzTarPerm modified mode [ 'nan_string_bytes.h', 436, 438 ]
316 silly gunzTarPerm extractEntry nan_typedarray_contents.h
317 silly gunzTarPerm modified mode [ 'nan_typedarray_contents.h', 436, 438 ]
318 silly gunzTarPerm extractEntry nan_weak.h
319 silly gunzTarPerm modified mode [ 'nan_weak.h', 436, 438 ]
320 silly gunzTarPerm extractEntry CHANGELOG.md
321 silly gunzTarPerm modified mode [ 'CHANGELOG.md', 436, 438 ]
322 silly gunzTarPerm extractEntry tools/package.json
323 silly gunzTarPerm modified mode [ 'tools/package.json', 436, 438 ]
324 silly gunzTarPerm extractEntry tools/README.md
325 silly gunzTarPerm modified mode [ 'tools/README.md', 436, 438 ]
326 silly gunzTarPerm extractEntry tools/1to2.js
327 silly gunzTarPerm modified mode [ 'tools/1to2.js', 509, 511 ]
328 silly gentlyRm C:\Users\User\Desktop\testM\Pizza-day\node_modules\.staging\bcrypt-b4ea8ece\node_modules is being purged
329 verbose gentlyRm don't care about contents; nuking C:\Users\User\Desktop\testM\Pizza-day\node_modules\.staging\bcrypt-b4ea8ece\node_modules
330 silly gentlyRm C:\Users\User\Desktop\testM\Pizza-day\node_modules\.staging\nan-18ebb812\node_modules is being purged
331 verbose gentlyRm don't care about contents; nuking C:\Users\User\Desktop\testM\Pizza-day\node_modules\.staging\nan-18ebb812\node_modules
332 silly doParallel preinstall 3
333 silly preinstall bindings@1.2.1 C:\Users\User\Desktop\testM\Pizza-day\node_modules\.staging\bindings-98bdb13b
334 info lifecycle bindings@1.2.1~preinstall: bindings@1.2.1
335 silly preinstall nan@2.3.5 C:\Users\User\Desktop\testM\Pizza-day\node_modules\.staging\nan-18ebb812
336 info lifecycle nan@2.3.5~preinstall: nan@2.3.5
337 silly preinstall bcrypt@0.8.7 C:\Users\User\Desktop\testM\Pizza-day\node_modules\.staging\bcrypt-b4ea8ece
338 info lifecycle bcrypt@0.8.7~preinstall: bcrypt@0.8.7
339 silly lifecycle bindings@1.2.1~preinstall: no script for preinstall, continuing
340 silly lifecycle nan@2.3.5~preinstall: no script for preinstall, continuing
341 silly lifecycle bcrypt@0.8.7~preinstall: no script for preinstall, continuing
342 silly doReverseSerial remove 0
343 silly doSerial move 0
344 silly doSerial finalize 3
345 silly finalize C:\Users\User\Desktop\testM\Pizza-day\node_modules\bindings
346 silly finalize C:\Users\User\Desktop\testM\Pizza-day\node_modules\nan
347 silly finalize C:\Users\User\Desktop\testM\Pizza-day\node_modules\bcrypt
348 silly doSerial build 3
349 silly build bindings@1.2.1
350 info linkStuff bindings@1.2.1
351 silly linkStuff bindings@1.2.1 has C:\Users\User\Desktop\testM\Pizza-day\node_modules as its parent node_modules
352 verbose linkBins bindings@1.2.1
353 verbose linkMans bindings@1.2.1
354 silly build nan@2.3.5
355 info linkStuff nan@2.3.5
356 silly linkStuff nan@2.3.5 has C:\Users\User\Desktop\testM\Pizza-day\node_modules as its parent node_modules
357 verbose linkBins nan@2.3.5
358 verbose linkMans nan@2.3.5
359 silly build bcrypt@0.8.7
360 info linkStuff bcrypt@0.8.7
361 silly linkStuff bcrypt@0.8.7 has C:\Users\User\Desktop\testM\Pizza-day\node_modules as its parent node_modules
362 verbose linkBins bcrypt@0.8.7
363 verbose linkMans bcrypt@0.8.7
364 silly doSerial global-link 0
365 silly doParallel update-linked 0
366 silly doSerial install 3
367 silly install bindings@1.2.1 C:\Users\User\Desktop\testM\Pizza-day\node_modules\.staging\bindings-98bdb13b
368 info lifecycle bindings@1.2.1~install: bindings@1.2.1
369 silly lifecycle bindings@1.2.1~install: no script for install, continuing
370 silly install nan@2.3.5 C:\Users\User\Desktop\testM\Pizza-day\node_modules\.staging\nan-18ebb812
371 info lifecycle nan@2.3.5~install: nan@2.3.5
372 silly lifecycle nan@2.3.5~install: no script for install, continuing
373 silly install bcrypt@0.8.7 C:\Users\User\Desktop\testM\Pizza-day\node_modules\.staging\bcrypt-b4ea8ece
374 info lifecycle bcrypt@0.8.7~install: bcrypt@0.8.7
375 verbose lifecycle bcrypt@0.8.7~install: unsafe-perm in lifecycle true
376 verbose lifecycle bcrypt@0.8.7~install: PATH: C:\Users\User\AppData\Local\.meteor\packages\meteor-tool\1.4.1_1\mt-os.windows.x86_32\dev_bundle\lib\node_modules\npm\bin\node-gyp-bin;C:\Users\User\Desktop\testM\Pizza-day\node_modules\bcrypt\node_modules\.bin;C:\Users\User\Desktop\testM\Pizza-day\node_modules\.bin;C:\Users\User\AppData\Local\.meteor\packages\meteor-tool\1.4.1_1\mt-os.windows.x86_32\dev_bundle\bin;C:\Users\User\AppData\Local\.meteor\packages\meteor-tool\1.4.1_1\mt-os.windows.x86_32\dev_bundle\lib\node_modules\.bin;C:\ProgramData\Oracle\Java\javapath;C:\Ruby22-x64\bin;C:\Windows\system32;C:\Windows;C:\Windows\System32\Wbem;C:\Windows\System32\WindowsPowerShell\v1.0\;C:\Program Files (x86)\Skype\Phone\;C:\Program Files (x86)\Brackets\command;C:\Program Files (x86)\Windows Live\Shared;C:\Program Files (x86)\Common Files\Acronis\SnapAPI\;C:\Program Files (x86)\Calibre2\;C:\Program Files\nodejs\;C:\Windows\system32\config\systemprofile\.dnx\bin;C:\Program Files\Microsoft DNX\Dnvm\;C:\Program Files\Microsoft SQL Server\130\Tools\Binn\;C:\Program Files (x86)\Windows Kits\10\Windows Performance Toolkit\;C:\Program Files (x86)\Heroku\bin;C:\Program Files (x86)\git\cmd;C:\Program Files (x86)\Git\cmd;C:\Users\User\AppData\Roaming\npm;C:\Program Files (x86)\Git\bin;C:\Program Files (x86)\Git\cmd;C:\Users\User\AppData\Local\.meteor\;C:\Users\User\AppData\Local\Programs\Git\bin
377 verbose lifecycle bcrypt@0.8.7~install: CWD: C:\Users\User\Desktop\testM\Pizza-day\node_modules\bcrypt
378 silly lifecycle bcrypt@0.8.7~install: Args: [ '/d /s /c', 'node-gyp rebuild' ]
379 silly lifecycle bcrypt@0.8.7~install: Returned: code: 1  signal: null
380 info lifecycle bcrypt@0.8.7~install: Failed to exec install script
381 verbose unlock done using C:\Users\User\AppData\Roaming\npm-cache\_locks\staging-f4dc3eb82fde9f6f.lock for C:\Users\User\Desktop\testM\Pizza-day\node_modules\.staging
382 silly rollbackFailedOptional Starting
383 silly rollbackFailedOptional Finishing
384 silly runTopLevelLifecycles Starting
385 silly runTopLevelLifecycles Finishing
386 silly install printInstalled
387 warn eslint-config-airbnb@12.0.0 requires a peer of eslint-plugin-import@^1.16.0 but none was installed.
388 warn eslint-config-airbnb-base@8.0.0 requires a peer of eslint-plugin-import@^1.16.0 but none was installed.
389 verbose stack Error: bcrypt@0.8.7 install: `node-gyp rebuild`
389 verbose stack Exit status 1
389 verbose stack     at EventEmitter.<anonymous> (C:\Users\User\AppData\Local\.meteor\packages\meteor-tool\1.4.1_1\mt-os.windows.x86_32\dev_bundle\lib\node_modules\npm\lib\utils\lifecycle.js:255:16)
389 verbose stack     at emitTwo (events.js:87:13)
389 verbose stack     at EventEmitter.emit (events.js:172:7)
389 verbose stack     at ChildProcess.<anonymous> (C:\Users\User\AppData\Local\.meteor\packages\meteor-tool\1.4.1_1\mt-os.windows.x86_32\dev_bundle\lib\node_modules\npm\lib\utils\spawn.js:40:14)
389 verbose stack     at emitTwo (events.js:87:13)
389 verbose stack     at ChildProcess.emit (events.js:172:7)
389 verbose stack     at maybeClose (internal/child_process.js:829:16)
389 verbose stack     at Process.ChildProcess._handle.onexit (internal/child_process.js:211:5)
390 verbose pkgid bcrypt@0.8.7
391 verbose cwd C:\Users\User\Desktop\testM\Pizza-day
392 error Windows_NT 10.0.10240
393 error argv "C:\\Users\\User\\AppData\\Local\\.meteor\\packages\\meteor-tool\\1.4.1_1\\mt-os.windows.x86_32\\dev_bundle\\bin\\node.exe" "C:\\Users\\User\\AppData\\Local\\.meteor\\packages\\meteor-tool\\1.4.1_1\\mt-os.windows.x86_32\\dev_bundle\\lib\\node_modules\\npm\\bin\\npm-cli.js" "install" "--save" "bcrypt"
394 error node v4.5.0
395 error npm  v3.10.6
396 error code ELIFECYCLE
397 error bcrypt@0.8.7 install: `node-gyp rebuild`
397 error Exit status 1
398 error Failed at the bcrypt@0.8.7 install script 'node-gyp rebuild'.
398 error Make sure you have the latest version of node.js and npm installed.
398 error If you do, this is most likely a problem with the bcrypt package,
398 error not with npm itself.
398 error Tell the author that this fails on your system:
398 error     node-gyp rebuild
398 error You can get information on how to open an issue for this project with:
398 error     npm bugs bcrypt
398 error Or if that isn't available, you can get their info via:
398 error     npm owner ls bcrypt
398 error There is likely additional logging output above.
399 verbose exit [ 1, true ]
